CHANNEL DESCRIPTION: cDAQ1Mod8/ai0:7,cDAQ1Mod8/ai16:19,cDAQ1Mod3/ai0:5
START TIME: 1584985903634889619
NUMBER OF CHANNELS: 18
SAMPLE RATE: 40

0.258698 0.105343 -2.889653 -7.688544 -1.880643 -0.436013 -3.958762 -1.629778 -0.086434 -3.231638 -2.725510 -7.426010 7.238552 88.573015 87.035394 94.558976 94.035673 -0.186240 
0.231636 -0.011937 -2.875974 -7.852630 -1.749407 -0.426989 -3.823145 -1.859439 -0.113773 -3.176919 -2.903332 -7.655727 7.141775 87.395271 88.049580 93.970260 93.152574 -0.182251 
0.213595 0.033172 -2.821260 -7.590094 -2.077498 -0.508206 -3.877390 -2.056294 -0.195793 -3.108520 -2.903332 -7.261927 7.139159 87.166259 86.446491 93.381529 92.727366 -0.181357 
0.267718 -0.066069 -2.903332 -7.754178 -2.274355 -0.399917 -3.940679 -1.662586 -0.209463 -3.245318 -2.834938 -7.294744 7.123459 86.577360 85.988446 92.531114 92.465696 -0.177926 
0.249677 0.105343 -2.834938 -7.754178 -2.077498 -0.436013 -3.940679 -1.695395 -0.250473 -3.081161 -2.752867 -7.294744 7.000423 86.348340 84.319778 91.582538 91.320856 -0.175532 
0.231636 -0.029981 -2.917011 -7.852630 -2.241545 -0.472109 -3.823145 -1.564160 -0.373506 -3.163239 -2.958048 -7.360377 6.961135 85.137767 85.203205 91.484408 90.797482 -0.172407 
0.132407 -0.066069 -2.848617 -7.918264 -2.175926 -0.426989 -3.904514 -1.761013 -0.250473 -2.971727 -2.958048 -7.294744 6.982090 85.366799 83.665367 91.222724 90.535791 -0.173030 
0.195553 0.078279 -2.889653 -7.918264 -2.241545 -0.454061 -3.850268 -1.761013 -0.332495 -3.040123 -2.958048 -7.327560 6.934937 84.777856 84.417939 90.895615 90.175961 -0.173030 
0.195553 0.051215 -2.889653 -7.590094 -2.274355 -0.508206 -3.904514 -1.629778 -0.469202 -3.081161 -2.958048 -7.393193 6.885150 83.828972 83.469040 90.601214 89.816125 -0.169679 
0.384980 -0.048025 -2.821260 -7.491643 -2.143117 -0.544303 -3.868349 -1.498543 -0.387177 -3.204278 -2.821260 -7.426010 6.809127 83.828972 83.567204 89.979687 89.390858 -0.168447 
0.087300 0.186532 -3.026444 -7.590094 -2.307164 -0.481133 -3.805064 -1.400118 -0.250473 -3.163239 -3.190598 -7.524460 6.814371 82.618271 82.650994 89.456284 89.096437 -0.166362 
0.303800 -0.029981 -2.930690 -7.852630 -2.504023 -0.535279 -3.877390 -1.662586 -0.428189 -3.094841 -2.848617 -7.491643 6.801260 82.781883 82.389213 89.063724 89.031010 -0.164412 
0.204574 0.042193 -3.094841 -7.524460 -2.143117 -0.481133 -3.904514 -1.662586 -0.223133 -3.067482 -2.670798 -7.261927 6.801260 83.010938 82.552826 88.998297 88.409443 -0.164898 
0.231636 -0.057047 -2.821260 -7.590094 -2.471213 -0.553328 -3.886432 -1.728204 -0.318825 -3.122200 -2.930690 -7.458827 6.754052 82.683716 82.585549 88.834727 88.245870 -0.162352 
0.258698 -0.075091 -2.848617 -8.640255 -2.044689 -0.526255 -3.832186 -1.793822 -0.332495 -3.094841 -2.711832 -7.524460 6.767167 83.239990 81.309337 88.409443 88.344014 -0.162956 
0.466157 -0.192383 -2.670798 -8.902803 -2.208736 -0.517230 -3.859308 -1.662586 -0.305154 -3.067482 -2.534019 -7.196295 6.746182 82.814605 81.112991 88.507586 87.984150 -0.162110 
0.285759 -0.039003 -2.862296 -8.115169 -2.044689 -0.580402 -3.922596 -1.662586 -0.428189 -3.108520 -2.875974 -7.130662 6.722572 82.258322 81.931090 88.115010 87.591566 -0.162231 
0.231636 -0.075091 -2.958048 -8.115169 -2.208736 -0.499182 -3.859308 -1.695395 -0.359836 -3.149559 -2.793902 -7.458827 6.698957 82.225599 82.061983 88.147725 87.755144 -0.160665 
0.267718 -0.057047 -2.903332 -7.918264 -2.208736 -0.607476 -3.904514 -1.662586 -0.250473 -3.163239 -2.862296 -7.754178 6.719948 82.029260 81.014817 87.624282 87.427987 -0.161628 
0.430079 -0.029981 -2.739189 -8.279257 -2.339974 -0.553328 -3.931637 -1.662586 -0.373506 -3.012765 -2.739189 -7.327560 6.633343 80.851193 80.294864 87.166259 87.231691 -0.158033 
0.249677 -0.057047 -2.698154 -7.983899 -2.274355 -0.553328 -3.823145 -1.596969 -0.291484 -3.149559 -2.725510 -7.557277 6.667466 81.865643 80.523942 87.755144 87.264407 -0.159586 
0.213595 0.069258 -2.752867 -8.541801 -2.700883 -0.517230 -3.823145 -1.432926 -0.359836 -3.163239 -2.862296 -7.229111 6.622842 80.949368 80.883918 87.231691 86.479209 -0.156962 
0.366941 0.042193 -2.793902 -7.918264 -2.307164 -0.544303 -3.958762 -1.629778 -0.250473 -3.231638 -2.889653 -7.655727 6.612340 81.014817 79.967605 86.904528 86.806378 -0.157557 
0.222616 -0.057047 -2.821260 -8.049534 -2.602453 -0.517230 -3.859308 -1.728204 -0.455531 -3.094841 -2.903332 -7.426010 6.622842 81.014817 80.851193 87.198975 86.839095 -0.159107 
0.141428 0.024150 -3.026444 -8.049534 -2.766503 -0.580402 -3.832186 -1.596969 -0.496544 -3.204278 -3.176919 -7.721361 6.633343 80.785743 80.458491 86.937244 86.904528 -0.158391 
0.303800 -0.066069 -2.889653 -8.147986 -2.339974 -0.535279 -3.886432 -1.695395 -0.400848 -3.067482 -2.684476 -7.065030 6.609715 81.374786 80.491217 87.035394 86.740944 -0.158033 
0.222616 -0.057047 -2.684476 -8.147986 -2.143117 -0.490157 -3.958762 -1.564160 -0.182123 -3.108520 -2.588730 -7.294744 6.654342 81.603854 80.556667 87.395271 86.969961 -0.158152 
0.321840 0.015128 -2.834938 -8.147986 -2.208736 -0.535279 -3.868349 -1.662586 -0.318825 -3.094841 -2.670798 -7.491643 6.646468 81.178440 80.327589 87.198975 87.100827 -0.158629 
0.150449 0.078279 -3.231638 -7.261927 -2.044689 -0.571377 -3.985886 -1.531352 -0.400848 -3.190598 -3.217958 -7.655727 6.620216 81.342061 81.080266 87.068110 87.002677 -0.158391 
0.105343 0.060236 -2.629763 -8.410528 -2.700883 -0.499182 -3.886432 -1.400118 -0.332495 -3.190598 -2.834938 -7.458827 6.651718 80.818468 80.033057 87.035394 86.675511 -0.156014 
0.222616 -0.002915 -2.917011 -7.852630 -2.372783 -0.499182 -3.841227 -1.564160 -0.373506 -3.053802 -2.684476 -7.655727 6.633343 80.949368 79.902153 86.937244 86.740944 -0.157319 
0.231636 -0.048025 -2.903332 -8.147986 -2.438403 -0.472109 -3.868349 -1.662586 -0.387177 -3.300038 -2.944369 -7.655727 6.588709 80.949368 80.720293 86.839095 86.773661 -0.155777 
0.213595 0.006107 -2.739189 -7.885447 -2.602453 -0.517230 -4.003969 -1.564160 -0.373506 -3.053802 -2.862296 -7.393193 6.604463 80.491217 80.098509 86.937244 86.511926 -0.157676 
0.186532 0.105343 -2.793902 -8.049534 -2.569643 -0.481133 -3.922596 -1.465735 -0.318825 -3.149559 -2.862296 -7.393193 6.572953 81.440234 79.803974 86.577360 86.381057 -0.156014 
0.249677 0.024150 -2.971727 -8.016716 -2.307164 -0.580402 -3.940679 -1.531352 -0.346165 -3.108520 -2.903332 -7.524460 6.580831 80.425766 80.294864 86.511926 86.577360 -0.154243 
0.159470 -0.102158 -2.917011 -8.147986 -2.733693 -0.580402 -3.904514 -1.498543 -0.523886 -3.094841 -2.848617 -7.426010 6.523047 79.051257 79.182166 85.464955 85.432237 -0.151898 
0.294779 -0.111180 -2.889653 -8.508982 -2.569643 -0.571377 -3.958762 -1.498543 -0.469202 -3.176919 -2.834938 -7.196295 6.488892 79.607615 78.723981 85.824857 85.334081 -0.151781 
0.267718 0.006107 -2.807581 -7.885447 -2.471213 -0.643575 -3.841227 -1.465735 -0.482873 -3.135879 -2.903332 -7.524460 6.088975 74.305318 73.552427 79.280347 78.756709 -0.130079 
0.195553 0.006107 -2.834938 -8.115169 -2.963365 -0.742853 -3.796023 -1.859439 -0.496544 -3.217958 -2.903332 -7.524460 5.031604 60.520378 58.424108 64.188408 62.747463 -0.083017 
0.276739 -0.075091 -2.944369 -8.147986 -3.225851 -0.769930 -3.832186 -1.400118 -0.592242 -3.149559 -2.752867 -7.491643 5.280733 64.024669 62.943961 69.067324 68.281526 -0.096291 
0.231636 0.159470 -2.903332 -8.082351 -2.504023 -0.616501 -3.958762 -1.695395 -0.537557 -3.122200 -2.958048 -7.327560 6.428445 78.396701 77.643939 84.974172 84.548818 -0.148875 
0.267718 -0.201406 -2.930690 -8.213621 -2.766503 -0.652600 -3.832186 -1.498543 -0.469202 -3.176919 -2.848617 -7.393193 6.115318 74.730855 74.272584 80.425766 80.327589 -0.132796 
0.168491 0.006107 -2.985406 -8.049534 -3.028987 -0.787981 -3.886432 -1.498543 -0.578570 -3.163239 -2.807581 -7.458827 4.967933 60.618636 56.819027 63.631690 62.256213 -0.080106 
0.051215 -0.002915 -2.999085 -7.885447 -2.832124 -0.706751 -3.958762 -1.761013 -0.510215 -3.190598 -2.958048 -7.852630 5.579691 67.888617 68.085072 73.814305 72.963192 -0.111247 
0.150449 -0.075091 -3.094841 -8.443346 -3.127419 -0.697726 -3.859308 -1.367309 -0.428189 -3.395801 -2.821260 -7.819812 4.864413 59.668791 57.998281 64.286651 64.221156 -0.083882 
0.276739 -0.111180 -2.958048 -8.147986 -2.700883 -0.652600 -3.922596 -1.400118 -0.414518 -3.149559 -2.889653 -7.360377 6.399527 77.382103 77.283914 83.927134 83.796251 -0.146686 
0.150449 -0.039003 -2.958048 -7.951081 -2.930555 -0.706751 -3.976844 -1.367309 -0.441860 -3.176919 -3.040123 -7.590094 5.230409 63.959173 63.566193 69.132806 68.117815 -0.096291 
0.303800 -0.102158 -2.875974 -8.410528 -2.766503 -0.742853 -3.922596 -1.498543 -0.455531 -3.327399 -2.793902 -7.327560 5.893904 71.620990 70.311452 78.134873 78.003958 -0.126856 
0.213595 -0.029981 -3.053802 -7.951081 -2.963365 -0.679676 -3.859308 -1.761013 -0.496544 -3.204278 -2.684476 -7.294744 5.775159 70.278712 69.231029 75.680101 75.025452 -0.116712 
0.267718 -0.029981 -2.985406 -8.508982 -2.963365 -0.697726 -3.895473 -1.465735 -0.551228 -3.258998 -2.793902 -7.393193 5.465996 66.087702 65.170820 69.231029 68.314268 -0.097691 
0.285759 -0.011937 -2.889653 -8.476164 -3.061797 -0.769930 -3.886432 -1.793822 -0.605913 -3.012765 -2.739189 -7.360377 4.933434 60.323861 58.489619 63.893676 62.878462 -0.080616 
0.204574 0.060236 -3.026444 -8.344893 -3.193040 -0.706751 -3.850268 -1.695395 -0.564899 -3.245318 -2.944369 -7.458827 5.013036 60.815151 59.308495 65.629265 64.450389 -0.087391 
0.195553 0.051215 -3.012765 -7.983899 -2.799313 -0.697726 -3.877390 -1.859439 -0.482873 -3.067482 -2.999085 -7.458827 5.569118 67.593931 67.102780 73.486957 72.144785 -0.106109 
0.222616 0.015128 -2.821260 -7.786995 -2.963365 -0.842136 -3.877390 -1.400118 -0.414518 -3.245318 -2.930690 -7.458827 4.867068 59.505020 57.441418 64.450389 63.795432 -0.083189 
0.403020 -0.075091 -2.848617 -8.049534 -3.160229 -0.806032 -3.877390 -1.432926 -0.496544 -3.190598 -2.821260 -7.754178 4.840514 58.849928 56.655237 63.828180 63.762683 -0.083103 
0.231636 0.114364 -2.725510 -8.016716 -3.028987 -0.787981 -3.985886 -1.367309 -0.510215 -3.135879 -3.012765 -7.426010 5.270139 64.450389 62.714714 69.525694 68.445236 -0.095826 
0.303800 -0.039003 -2.780224 -7.819812 -3.061797 -0.742853 -3.913555 -1.793822 -0.646927 -3.149559 -2.971727 -7.294744 5.172119 63.271453 60.749647 67.823131 66.087702 -0.089620 
0.240657 -0.066069 -2.875974 -8.016716 -3.127419 -0.824084 -3.814104 -1.662586 -0.441860 -3.231638 -2.739189 -7.557277 4.936088 59.865314 57.998281 63.762683 62.649214 -0.080616 
0.204574 -0.029981 -2.944369 -8.673074 -3.061797 -0.607476 -3.895473 -1.695395 -0.482873 -3.245318 -3.149559 -7.754178 4.999772 61.306432 59.144722 64.876101 63.238704 -0.081555 
0.285759 0.024150 -2.739189 -7.918264 -3.455528 -0.769930 -3.859308 -1.662586 -0.455531 -3.204278 -2.985406 -7.852630 4.771452 58.096549 55.443157 61.928706 60.978913 -0.075426 
0.294779 -0.039003 -2.834938 -8.246439 -3.455528 -0.797007 -3.895473 -1.301693 -0.619584 -3.053802 -2.944369 -7.524460 4.944050 59.668791 57.146603 63.729935 62.354464 -0.079767 
0.240657 -0.011937 -2.889653 -7.754178 -3.127419 -0.842136 -3.895473 -1.236076 -0.633256 -3.108520 -3.026444 -7.590094 4.784735 58.194817 56.000067 63.140457 62.190712 -0.080361 
0.231636 -0.039003 -2.875974 -8.147986 -3.160229 -0.706751 -3.796023 -1.596969 -0.496544 -3.094841 -2.875974 -7.557277 4.875034 59.537775 57.244875 62.976710 62.190712 -0.079513 
0.204574 0.024150 -2.588730 -7.983899 -3.061797 -0.787981 -3.913555 -1.629778 -0.578570 -3.204278 -2.670798 -7.426010 4.790049 57.932768 55.967308 62.550964 61.764951 -0.078251 
0.213595 -0.084113 -3.040123 -8.410528 -3.094608 -0.769930 -3.832186 -1.629778 -0.428189 -3.231638 -2.684476 -7.951081 4.896273 59.701545 57.768986 64.384894 62.976710 -0.082155 
0.177512 -0.029981 -2.834938 -8.312075 -2.700883 -0.616501 -3.985886 -1.596969 -0.373506 -3.149559 -2.917011 -7.294744 5.566475 68.085072 66.644363 73.159605 72.701305 -0.109158 
0.087300 -0.156292 -3.012765 -7.951081 -2.274355 -0.553328 -3.814104 -1.596969 -0.359836 -3.163239 -2.889653 -7.786995 6.252225 76.531117 77.218454 83.469040 82.683716 -0.142809 
0.267718 -0.011937 -2.739189 -8.377710 -2.635263 -0.589426 -3.940679 -1.695395 -0.441860 -3.122200 -3.067482 -7.393193 6.283801 76.138344 75.941955 82.880050 82.781883 -0.142130 
0.177512 -0.002915 -2.821260 -7.852630 -2.668073 -0.616501 -3.877390 -1.203268 -0.346165 -3.012765 -2.807581 -7.590094 6.273276 76.432925 76.891153 83.207268 82.945494 -0.143149 
0.276739 -0.084113 -2.971727 -7.983899 -2.405593 -0.508206 -3.904514 -1.367309 -0.359836 -3.108520 -2.875974 -7.557277 6.249593 76.662040 76.105613 83.239990 82.847328 -0.142130 
0.312820 0.060236 -2.821260 -8.147986 -2.602453 -0.688701 -3.904514 -1.498543 -0.332495 -3.245318 -2.889653 -7.426010 6.244329 75.941955 76.138344 82.716439 82.356490 -0.141678 
0.276739 -0.002915 -2.944369 -8.213621 -2.405593 -0.616501 -3.895473 -1.564160 -0.428189 -3.300038 -3.094841 -7.786995 6.257488 76.236538 75.320046 82.814605 82.127430 -0.140440 
0.141428 -0.029981 -2.807581 -8.213621 -2.668073 -0.634551 -3.814104 -1.432926 -0.414518 -3.231638 -2.971727 -7.458827 6.225906 75.811028 75.941955 82.880050 82.323767 -0.141565 
0.276739 0.024150 -2.889653 -7.983899 -2.602453 -0.508206 -3.814104 -1.498543 -0.537557 -3.176919 -2.985406 -7.557277 6.281170 76.498386 76.236538 83.207268 82.520104 -0.142356 
0.150449 -0.066069 -3.012765 -8.147986 -2.536833 -0.625526 -3.985886 -1.400118 -0.318825 -3.081161 -2.985406 -7.721361 6.275908 76.923884 75.778297 83.109103 82.618271 -0.142469 
0.222616 0.024150 -2.944369 -8.016716 -2.274355 -0.643575 -3.958762 -1.629778 -0.414518 -3.258998 -2.848617 -7.622910 6.286432 76.531117 74.927253 82.618271 82.127430 -0.141565 
0.240657 -0.011937 -2.862296 -8.279257 -2.339974 -0.445037 -3.940679 -1.531352 -0.373506 -3.149559 -2.848617 -7.557277 6.212745 76.007418 75.745565 82.323767 82.323767 -0.141453 
0.168491 -0.029981 -3.012765 -8.049534 -2.044689 -0.652600 -4.003969 -1.432926 -0.441860 -3.135879 -3.094841 -7.524460 6.286432 76.007418 76.203807 82.585549 82.356490 -0.141227 
0.258698 0.015128 -2.930690 -7.721361 -2.471213 -0.517230 -3.886432 -1.498543 -0.469202 -3.313719 -2.807581 -7.524460 6.252225 76.825693 74.403519 82.716439 82.650994 -0.142469 
0.195553 0.024150 -2.875974 -8.082351 -2.175926 -0.381870 -3.868349 -1.564160 -0.469202 -3.217958 -2.930690 -7.590094 6.225906 75.647369 76.563848 82.552826 82.160153 -0.140889 
0.276739 -0.002915 -2.930690 -7.622910 -2.504023 -0.553328 -3.832186 -1.596969 -0.400848 -3.163239 -2.807581 -7.557277 6.215377 76.498386 75.156383 82.454659 82.094706 -0.140665 
0.168491 -0.129225 -2.807581 -8.016716 -2.504023 -0.526255 -3.886432 -1.564160 -0.305154 -3.012765 -2.834938 -7.458827 6.246961 76.203807 76.465655 82.912772 82.029260 -0.141678 
0.195553 -0.165315 -2.889653 -8.279257 -2.372783 -0.426989 -3.913555 -1.662586 -0.373506 -3.040123 -2.862296 -7.557277 6.257488 76.367463 76.236538 82.454659 82.421936 -0.142356 
0.141428 -0.029981 -2.917011 -8.115169 -2.274355 -0.544303 -3.895473 -1.268885 -0.291484 -3.149559 -3.012765 -7.393193 6.239066 76.596579 74.959986 82.421936 81.767472 -0.140665 
0.195553 -0.057047 -2.834938 -8.049534 -2.405593 -0.526255 -3.877390 -1.695395 -0.359836 -3.040123 -2.971727 -7.458827 6.199582 76.138344 75.516440 82.520104 82.421936 -0.140440 
0.267718 -0.029981 -2.862296 -7.852630 -2.372783 -0.634551 -3.886432 -1.564160 -0.400848 -3.231638 -2.766545 -7.491643 6.244329 75.974687 74.174382 82.127430 81.931090 -0.141904 
0.294779 -0.002915 -2.807581 -7.622910 -2.733693 -0.508206 -3.832186 -1.498543 -0.455531 -3.176919 -2.780224 -7.786995 6.249593 76.236538 75.745565 82.127430 82.716439 -0.140215 
0.249677 -0.057047 -3.081161 -7.819812 -2.274355 -0.634551 -3.913555 -1.465735 -0.482873 -3.026444 -2.958048 -7.688544 6.225906 75.843760 76.072881 82.127430 82.225599 -0.140665 
0.213595 -0.029981 -2.999085 -8.312075 -2.733693 -0.571377 -3.967803 -1.465735 -0.264143 -3.190598 -2.985406 -7.458827 6.228538 76.269269 75.549173 82.258322 82.192876 -0.141565 
0.285759 -0.066069 -2.889653 -8.213621 -2.504023 -0.598451 -3.904514 -1.596969 -0.455531 -3.149559 -2.875974 -7.655727 6.289063 76.465655 76.465655 83.010938 82.291045 -0.141904 
0.177512 0.114364 -2.944369 -7.754178 -2.175926 -0.454061 -3.904514 -1.465735 -0.223133 -3.122200 -2.862296 -7.557277 6.283801 76.825693 75.811028 82.552826 82.291045 -0.142130 
0.267718 -0.002915 -3.012765 -8.180804 -2.569643 -0.580402 -3.886432 -1.695395 -0.482873 -3.190598 -2.848617 -7.590094 6.196950 75.614637 74.665388 81.702025 81.603854 -0.139431 
0.204574 -0.093135 -3.053802 -7.786995 -2.471213 -0.553328 -3.859308 -1.662586 -0.346165 -3.149559 -2.875974 -7.426010 6.212745 76.400194 74.992719 82.127430 81.898366 -0.138872 
0.267718 0.042193 -2.889653 -7.819812 -2.668073 -0.580402 -3.777942 -1.596969 -0.496544 -3.053802 -2.739189 -7.097846 6.231170 76.465655 74.468987 81.963813 81.636577 -0.140440 
0.285759 -0.066069 -3.012765 -7.885447 -2.668073 -0.679676 -3.958762 -1.662586 -0.469202 -3.176919 -2.752867 -6.966582 6.078437 73.977977 73.552427 80.065783 79.967605 -0.131162 
0.240657 -0.002915 -2.739189 -7.918264 -2.668073 -0.661626 -3.949720 -1.367309 -0.551228 -3.204278 -2.944369 -7.327560 5.587620 68.707170 66.677107 74.927253 74.043446 -0.113357 
0.213595 -0.174337 -2.862296 -7.983899 -2.635263 -0.580402 -3.832186 -1.596969 -0.414518 -3.149559 -2.917011 -7.426010 6.249593 75.254581 75.778297 81.440234 81.669301 -0.139767 
0.258698 -0.066069 -2.930690 -7.983899 -2.733693 -0.733827 -3.904514 -1.695395 -0.455531 -3.149559 -2.903332 -7.458827 5.830584 71.097183 70.016796 76.465655 76.858423 -0.121052 
0.330860 -0.084113 -3.026444 -7.622910 -2.766503 -0.670651 -3.814104 -1.695395 -0.455531 -3.190598 -2.807581 -7.294744 5.820029 70.998968 70.966230 76.956614 76.858423 -0.124836 
0.177512 -0.066069 -2.889653 -8.115169 -2.799313 -0.598451 -3.859308 -1.695395 -0.510215 -3.094841 -2.889653 -7.491643 6.204847 75.549173 75.254581 81.963813 81.505682 -0.137757 
0.403020 0.042193 -2.766545 -7.590094 -2.700883 -0.553328 -3.859308 -1.432926 -0.387177 -3.012765 -2.684476 -7.491643 6.218009 75.974687 74.338052 81.800196 81.636577 -0.138983 
0.258698 0.042193 -2.889653 -8.115169 -2.536833 -0.553328 -3.886432 -1.564160 -0.387177 -3.286358 -2.821260 -7.590094 6.154823 75.123651 74.468987 81.472958 80.785743 -0.137090 
0.285759 -0.093135 -3.053802 -8.574619 -3.127419 -0.715777 -3.832186 -1.728204 -0.414518 -3.081161 -2.862296 -7.360377 5.473931 66.546130 65.956721 73.388752 72.373942 -0.107186 
0.195553 -0.093135 -2.971727 -8.115169 -2.602453 -0.616501 -3.868349 -1.465735 -0.428189 -3.094841 -2.944369 -7.524460 6.165355 75.614637 75.221849 81.080266 81.832920 -0.138202 
0.276739 0.087300 -2.917011 -8.246439 -2.963365 -0.679676 -3.750820 -1.629778 -0.523886 -3.204278 -2.999085 -7.590094 5.495089 67.168267 65.694757 72.668568 71.424564 -0.107579 
0.150449 -0.075091 -2.971727 -7.983899 -2.766503 -0.643575 -3.895473 -1.629778 -0.305154 -3.217958 -2.958048 -7.426010 6.220641 75.843760 74.796321 81.440234 81.865643 -0.139319 
0.258698 0.042193 -2.834938 -8.115169 -2.602453 -0.580402 -3.895473 -1.596969 -0.414518 -3.081161 -2.766545 -7.393193 6.123219 74.501720 74.763588 81.374786 80.949368 -0.136979 
0.213595 0.015128 -2.875974 -7.885447 -2.504023 -0.571377 -3.850268 -1.498543 -0.428189 -3.067482 -2.793902 -7.426010 6.170622 75.320046 75.483708 81.636577 81.243889 -0.136646 
0.276739 -0.084113 -2.958048 -8.147986 -2.569643 -0.634551 -3.904514 -1.990676 -0.523886 -3.176919 -2.985406 -7.819812 6.173255 75.418244 75.712833 81.342061 81.603854 -0.140103 
0.348901 -0.075091 -2.807581 -7.622910 -3.028987 -0.697726 -3.940679 -1.596969 -0.482873 -3.231638 -2.862296 -7.524460 5.447479 65.694757 64.614125 72.242995 71.424564 -0.107481 
0.258698 -0.066069 -2.834938 -7.819812 -3.291473 -0.751878 -3.940679 -1.793822 -0.469202 -3.258998 -2.971727 -7.754178 4.832547 59.013703 56.065584 64.843354 64.679619 -0.086331 
0.159470 -0.066069 -2.971727 -7.983899 -3.028987 -0.724802 -3.877390 -1.629778 -0.633256 -3.135879 -2.903332 -7.590094 4.798018 58.063793 55.279358 63.238704 62.223462 -0.080361 
0.348901 0.024150 -2.862296 -8.213621 -3.357095 -0.688701 -3.994928 -1.498543 -0.578570 -3.231638 -2.834938 -7.655727 4.776765 57.736229 56.229378 64.024669 63.205955 -0.080446 
0.231636 -0.039003 -2.985406 -8.377710 -2.766503 -0.688701 -3.949720 -1.662586 -0.564899 -3.245318 -2.862296 -7.557277 5.912367 72.144785 71.490039 78.560341 78.200330 -0.127283 
0.294779 -0.020959 -2.793902 -8.082351 -2.832124 -0.661626 -3.922596 -1.465735 -0.441860 -3.272678 -2.752867 -7.754178 5.598192 68.248784 67.004548 74.730855 74.305318 -0.115792 
0.348901 -0.084113 -2.999085 -8.049534 -3.422717 -0.806032 -3.904514 -1.728204 -0.605913 -3.286358 -2.739189 -7.622910 4.734252 57.179361 55.213838 62.911212 61.928706 -0.078670 
0.168491 0.006107 -2.848617 -8.279257 -2.733693 -0.688701 -3.922596 -1.498543 -0.387177 -3.272678 -2.807581 -7.524460 5.909729 71.981100 70.671582 77.807585 77.578480 -0.126216 
0.204574 -0.011937 -2.889653 -7.655727 -3.455528 -0.742853 -3.814104 -1.859439 -0.523886 -3.231638 -2.875974 -7.655727 4.731595 57.605203 54.263777 63.729935 62.092460 -0.080106 
0.321840 0.024150 -3.040123 -8.312075 -3.422717 -0.778955 -4.022053 -1.761013 -0.496544 -3.108520 -2.793902 -7.426010 4.755510 57.834499 55.475917 63.664438 62.681964 -0.080021 
0.303800 -0.011937 -2.862296 -7.557277 -3.193040 -0.724802 -3.895473 -1.826630 -0.633256 -3.190598 -2.793902 -7.261927 5.301917 64.352146 62.026959 70.049536 69.198288 -0.100522 
0.231636 0.015128 -2.739189 -7.590094 -2.996176 -0.706751 -3.958762 -2.023485 -0.400848 -3.217958 -2.793902 -7.754178 4.829891 59.079212 57.801743 66.284172 65.301805 -0.085803 
0.303800 0.006107 -2.821260 -7.918264 -3.061797 -0.751878 -3.958762 -1.662586 -0.482873 -3.135879 -2.848617 -7.721361 4.662485 56.950058 55.082797 63.500695 62.845712 -0.080701 
0.186532 0.123385 -2.821260 -7.524460 -3.324284 -0.797007 -3.796023 -1.531352 -0.455531 -3.026444 -2.834938 -7.590094 4.795361 58.031037 54.689671 63.566193 61.928706 -0.079007 
0.213595 -0.029981 -2.917011 -7.688544 -3.225851 -0.751878 -3.967803 -1.761013 -0.510215 -3.122200 -2.739189 -7.655727 4.803331 57.834499 56.720753 63.828180 63.205955 -0.081384 
0.267718 0.015128 -2.834938 -8.016716 -3.225851 -0.742853 -3.940679 -1.465735 -0.578570 -3.149559 -3.012765 -7.393193 4.744882 57.900012 56.622479 64.941594 64.188408 -0.084491 
0.105343 0.096322 -2.930690 -7.655727 -3.357095 -0.769930 -3.895473 -1.531352 -0.564899 -3.231638 -2.875974 -7.918264 4.683753 56.687995 55.869030 62.681964 61.732200 -0.079767 
0.150449 -0.002915 -2.903332 -7.524460 -3.061797 -0.806032 -3.949720 -1.728204 -0.592242 -3.204278 -2.889653 -7.163478 4.606643 56.196620 53.870638 62.911212 62.256213 -0.080786 
0.177512 -0.011937 -2.889653 -8.115169 -3.127419 -0.679676 -3.868349 -1.432926 -0.482873 -3.231638 -2.752867 -7.032214 4.667802 56.884543 54.493106 62.419964 61.208177 -0.077081 
0.186532 0.060236 -2.930690 -8.049534 -3.488339 -0.751878 -3.859308 -1.793822 -0.469202 -3.231638 -2.793902 -7.590094 4.718307 57.277633 56.163861 63.959173 62.976710 -0.081298 
0.195553 -0.011937 -2.766545 -7.983899 -3.225851 -0.760904 -3.949720 -1.695395 -0.537557 -3.272678 -2.834938 -6.933766 4.670461 57.637959 56.491446 64.057417 62.943961 -0.080191 
0.240657 0.006107 -2.848617 -8.147986 -3.225851 -0.787981 -3.913555 -1.432926 -0.414518 -3.313719 -2.848617 -7.327560 4.643873 56.753511 53.870638 61.895955 61.339184 -0.078251 
0.186532 -0.020959 -2.862296 -7.983899 -3.160229 -0.724802 -3.886432 -1.728204 -0.551228 -3.176919 -2.725510 -7.557277 4.553442 55.869030 53.837876 62.354464 61.470190 -0.078334 
0.276739 -0.093135 -2.848617 -7.557277 -3.061797 -0.697726 -3.805064 -1.793822 -0.400848 -3.245318 -2.698154 -7.163478 4.641214 56.786269 54.132732 61.961457 61.830454 -0.077498 
0.123385 0.015128 -2.821260 -8.082351 -2.963365 -0.742853 -3.850268 -1.498543 -0.510215 -3.382120 -2.985406 -7.524460 4.705018 57.375904 56.360413 63.860928 62.911212 -0.082327 
0.249677 -0.029981 -2.903332 -8.279257 -3.193040 -0.860188 -3.877390 -1.728204 -0.551228 -3.272678 -2.875974 -7.261927 4.577385 55.181078 53.608541 61.666698 60.454873 -0.075590 
0.330860 0.087300 -2.725510 -7.951081 -2.930555 -0.797007 -3.868349 -1.301693 -0.510215 -2.985406 -2.616085 -7.655727 4.611962 55.869030 53.805114 61.240929 60.422120 -0.075179 
0.276739 -0.002915 -2.889653 -7.458827 -3.127419 -0.742853 -4.003969 -1.728204 -0.414518 -3.067482 -3.081161 -7.360377 4.590685 56.687995 55.050037 63.107708 61.961457 -0.077081 
0.168491 -0.102158 -2.944369 -7.819812 -2.799313 -0.643575 -3.958762 -1.498543 -0.359836 -3.122200 -2.739189 -7.097846 4.723622 56.851785 56.032826 64.319399 63.336951 -0.082241 
0.303800 -0.066069 -2.848617 -7.918264 -3.291473 -0.724802 -3.958762 -1.498543 -0.496544 -3.053802 -2.889653 -6.933766 4.657167 56.819027 55.017277 62.878462 61.797702 -0.076666 
0.294779 -0.002915 -2.698154 -7.688544 -2.963365 -0.688701 -3.904514 -1.925058 -0.537557 -3.053802 -2.834938 -7.327560 4.614622 56.589721 54.329300 62.092460 60.487625 -0.074278 
0.267718 0.006107 -2.903332 -7.983899 -2.963365 -0.733827 -3.823145 -1.695395 -0.400848 -2.971727 -2.766545 -7.327560 4.622600 56.360413 53.575779 62.190712 60.454873 -0.076086 
0.321840 0.015128 -2.848617 -7.819812 -2.963365 -0.706751 -3.904514 -1.826630 -0.523886 -3.040123 -2.958048 -7.130662 4.715649 57.212118 55.934548 63.762683 62.125211 -0.079007 
0.195553 0.069258 -2.862296 -8.016716 -3.258662 -0.769930 -3.895473 -1.957867 -0.605913 -3.108520 -2.766545 -7.360377 4.678436 56.720753 54.984517 62.616464 61.666698 -0.078167 
0.240657 -0.093135 -2.862296 -7.951081 -3.193040 -0.769930 -3.904514 -1.761013 -0.469202 -2.999085 -2.739189 -7.327560 4.582705 55.410398 54.165493 61.699449 60.454873 -0.074850 
0.294779 0.051215 -2.821260 -7.065030 -3.127419 -0.724802 -3.985886 -1.793822 -0.482873 -2.999085 -2.588730 -7.196295 4.590685 56.425930 54.099970 63.369700 62.321713 -0.077164 
0.348901 -0.011937 -2.711832 -7.426010 -3.061797 -0.670651 -3.958762 -1.596969 -0.441860 -3.026444 -2.807581 -7.360377 4.574725 56.163861 54.787953 63.205955 62.616464 -0.079260 
0.303800 0.087300 -2.629763 -7.491643 -3.225851 -0.797007 -3.922596 -1.465735 -0.428189 -3.354760 -2.739189 -7.754178 4.564084 55.836271 53.379204 63.140457 62.092460 -0.077581 
0.249677 0.033172 -2.821260 -7.786995 -3.028987 -0.778955 -3.913555 -1.596969 -0.537557 -3.149559 -2.752867 -7.393193 4.609303 56.720753 53.543017 61.895955 60.782399 -0.074441 
0.285759 0.123385 -2.821260 -7.786995 -2.799313 -0.706751 -3.805064 -1.793822 -0.564899 -2.958048 -2.698154 -7.524460 4.566744 55.901789 54.165493 61.732200 60.749647 -0.075755 
0.330860 0.069258 -2.862296 -7.786995 -2.963365 -0.769930 -3.823145 -1.761013 -0.318825 -3.026444 -2.739189 -7.130662 4.646532 57.081088 54.984517 63.009460 61.961457 -0.079091 
0.312820 0.069258 -2.930690 -7.819812 -3.094608 -0.697726 -3.904514 -1.695395 -0.428189 -2.958048 -2.958048 -7.229111 4.580045 55.574196 55.672474 62.452714 60.389367 -0.073625 
0.267718 0.069258 -2.848617 -7.951081 -2.963365 -0.661626 -3.958762 -1.695395 -0.428189 -3.149559 -2.930690 -6.835318 4.603983 56.065584 54.132732 61.928706 60.454873 -0.074605 
0.285759 0.096322 -2.971727 -7.885447 -3.061797 -0.715777 -3.768901 -1.662586 -0.400848 -3.149559 -2.834938 -7.229111 4.609303 55.279358 54.624150 61.437438 60.356614 -0.074196 
0.231636 0.042193 -2.807581 -7.393193 -2.864934 -0.706751 -3.814104 -1.498543 -0.455531 -3.012765 -2.752867 -7.229111 4.670461 56.786269 54.558628 62.256213 61.208177 -0.077414 
0.231636 0.015128 -2.917011 -8.180804 -3.061797 -0.769930 -3.886432 -2.089104 -0.428189 -3.190598 -2.889653 -7.229111 4.606643 56.655237 55.148318 62.518214 61.044417 -0.076168 
0.303800 0.096322 -2.821260 -7.885447 -3.193040 -0.742853 -3.814104 -1.432926 -0.578570 -3.176919 -2.862296 -7.458827 4.534817 55.181078 53.411967 61.339184 60.291108 -0.075097 
0.132407 0.033172 -2.917011 -8.180804 -3.193040 -0.742853 -3.895473 -1.662586 -0.455531 -2.999085 -2.944369 -7.261927 4.590685 55.770753 54.132732 61.404687 59.930821 -0.075343 
0.195553 -0.057047 -2.834938 -8.049534 -3.127419 -0.688701 -3.895473 -1.826630 -0.523886 -3.190598 -3.053802 -7.458827 4.720964 57.048331 56.163861 64.122912 62.943961 -0.079937 
0.177512 0.024150 -2.766545 -7.721361 -3.094608 -0.815058 -3.913555 -1.564160 -0.523886 -3.026444 -2.944369 -7.327560 4.617281 55.869030 53.706828 61.764951 60.880656 -0.076168 
0.186532 -0.039003 -2.821260 -8.180804 -3.586773 -0.806032 -3.841227 -1.761013 -0.482873 -3.094841 -2.875974 -7.524460 4.641214 56.262137 54.689671 62.550964 61.535693 -0.077665 
0.348901 0.069258 -2.903332 -7.622910 -2.930555 -0.769930 -3.868349 -1.498543 -0.441860 -3.163239 -2.834938 -7.360377 4.705018 56.982816 55.312118 63.926425 61.961457 -0.078839 
0.303800 0.069258 -2.875974 -7.819812 -2.668073 -0.571377 -3.904514 -1.367309 -0.387177 -3.053802 -2.917011 -7.590094 5.783078 70.442409 70.082275 76.727501 76.302000 -0.120740 
0.294779 0.006107 -2.780224 -7.721361 -2.077498 -0.580402 -3.940679 -1.662586 -0.469202 -3.053802 -2.821260 -7.360377 5.991470 73.388752 72.995927 79.476708 79.345801 -0.131488 
0.276739 0.123385 -2.889653 -7.655727 -2.077498 -0.526255 -3.895473 -1.925058 -0.277813 -3.081161 -2.711832 -7.393193 5.978289 73.257811 72.799513 79.443982 79.182166 -0.131597 
0.276739 -0.075091 -2.793902 -8.082351 -2.372783 -0.517230 -3.868349 -1.925058 -0.359836 -3.053802 -2.862296 -7.130662 6.002014 73.323282 72.734041 79.542162 79.247620 -0.131162 
0.267718 -0.039003 -2.807581 -7.918264 -2.471213 -0.481133 -3.895473 -1.301693 -0.373506 -3.204278 -2.807581 -7.590094 5.991470 73.159605 72.832248 79.214893 79.313074 -0.131054 
0.258698 0.006107 -2.971727 -8.147986 -2.635263 -0.571377 -3.877390 -1.761013 -0.523886 -3.272678 -2.889653 -7.819812 5.988834 73.486957 72.603096 79.116711 79.051257 -0.131162 
0.276739 0.069258 -2.903332 -8.147986 -2.963365 -0.526255 -3.877390 -1.662586 -0.428189 -3.258998 -2.971727 -7.426010 6.017829 73.421487 72.308468 79.607615 78.527613 -0.130079 
0.177512 0.042193 -2.766545 -8.115169 -2.405593 -0.517230 -3.940679 -1.629778 -0.359836 -3.122200 -2.985406 -7.524460 6.015193 72.864984 72.897720 79.705795 79.116711 -0.130079 
0.240657 -0.066069 -2.862296 -8.213621 -2.372783 -0.463085 -3.868349 -1.761013 -0.359836 -3.067482 -2.930690 -7.163478 6.057359 73.716101 73.290547 79.640342 79.705795 -0.131815 
0.204574 0.060236 -2.930690 -8.016716 -2.372783 -0.589426 -3.832186 -1.629778 -0.387177 -3.081161 -2.944369 -7.655727 6.031007 73.323282 72.766777 79.345801 79.149439 -0.131380 
0.258698 -0.011937 -2.903332 -7.688544 -2.274355 -0.517230 -3.859308 -1.596969 -0.373506 -3.258998 -3.012765 -7.557277 6.031007 72.864984 72.504887 79.476708 79.313074 -0.130295 
0.312820 -0.120202 -2.766545 -7.951081 -2.471213 -0.544303 -3.868349 -1.629778 -0.455531 -3.122200 -2.766545 -7.524460 5.999378 73.552427 73.061399 79.705795 79.771248 -0.131706 
0.213595 0.015128 -2.807581 -7.852630 -2.536833 -0.508206 -3.949720 -1.432926 -0.264143 -3.081161 -2.684476 -7.655727 5.980926 73.519692 72.635832 79.803974 79.345801 -0.131054 
0.267718 -0.066069 -2.930690 -7.983899 -2.504023 -0.589426 -3.940679 -1.629778 -0.428189 -3.122200 -2.903332 -7.458827 5.978289 73.781570 72.635832 79.705795 79.345801 -0.131597 
0.123385 0.087300 -3.081161 -8.213621 -2.864934 -0.580402 -3.877390 -1.432926 -0.469202 -3.135879 -2.917011 -7.524460 5.994106 73.323282 72.897720 79.509435 79.345801 -0.130512 
0.240657 -0.002915 -2.739189 -8.115169 -2.175926 -0.472109 -3.958762 -1.400118 -0.291484 -3.149559 -2.889653 -7.360377 6.028371 73.977977 73.454222 79.934879 79.673068 -0.132468 
0.159470 0.087300 -2.793902 -8.213621 -2.536833 -0.715777 -3.805064 -1.728204 -0.400848 -3.204278 -2.917011 -7.557277 6.083706 73.879774 72.603096 80.163961 79.673068 -0.132250 

1584985903634889619	Starting Session...
1584985904129647968	Rank 0 Process, reporting for duty, sir!
1584985911273231886	Ending Session...

NUMBER OF TIMESTAMPS: 3
TOTAL SAMPLES TAKEN: 7120
